# JRE version: OpenJDK Runtime Environment (17.0.11) (build 17.0.11+0--11852314)
# Java VM: OpenJDK 64-Bit Server VM (17.0.11+0--11852314, mixed mode, tiered, compressed oops, compressed class ptrs, g1 gc, windows-amd64)
GC Precious Log:
 CPUs: 8 total, 8 available
 Memory: 16075M
 Large Page Support: Disabled
 NUMA Support: Disabled
 Compressed Oops: Enabled (32-bit)
 Heap Region Size: 1M
 Heap Min Capacity: 8M
 Heap Initial Capacity: 252M
 Heap Max Capacity: 2G
 Pre-touch: Disabled
 Parallel Workers: 8
 Concurrent Workers: 2
 Concurrent Refinement Workers: 8
 Periodic GC: Disabled
Heap:
 garbage-first heap   total 444416K, used 327145K [0x0000000080000000, 0x0000000100000000)
  region size 1024K, 9 young (9216K), 9 survivors (9216K)
 Metaspace       used 137016K, committed 137920K, reserved 1179648K
  class space    used 18492K, committed 18944K, reserved 1048576K
GC Heap History (20 events):
Event: 66.144 GC heap after
{Heap after GC invocations=117 (full 0):
 garbage-first heap   total 444416K, used 279962K [0x0000000080000000, 0x0000000100000000)
  region size 1024K, 11 young (11264K), 11 survivors (11264K)
 Metaspace       used 136757K, committed 137664K, reserved 1179648K
  class space    used 18483K, committed 18944K, reserved 1048576K
}
Event: 66.695 GC heap before
{Heap before GC invocations=117 (full 0):
 garbage-first heap   total 444416K, used 388506K [0x0000000080000000, 0x0000000100000000)
  region size 1024K, 115 young (117760K), 11 survivors (11264K)
 Metaspace       used 136815K, committed 137728K, reserved 1179648K
  class space    used 18483K, committed 18944K, reserved 1048576K
}
Event: 66.704 GC heap after
{Heap after GC invocations=118 (full 0):
 garbage-first heap   total 444416K, used 284772K [0x0000000080000000, 0x0000000100000000)
  region size 1024K, 11 young (11264K), 11 survivors (11264K)
 Metaspace       used 136815K, committed 137728K, reserved 1179648K
  class space    used 18483K, committed 18944K, reserved 1048576K
}
Event: 67.135 GC heap before
{Heap before GC invocations=118 (full 0):
 garbage-first heap   total 444416K, used 387172K [0x0000000080000000, 0x0000000100000000)
  region size 1024K, 111 young (113664K), 11 survivors (11264K)
 Metaspace       used 136817K, committed 137728K, reserved 1179648K
  class space    used 18483K, committed 18944K, reserved 1048576K
}
Event: 67.140 GC heap after
{Heap after GC invocations=119 (full 0):
 garbage-first heap   total 444416K, used 277629K [0x0000000080000000, 0x0000000100000000)
  region size 1024K, 5 young (5120K), 5 survivors (5120K)
 Metaspace       used 136817K, committed 137728K, reserved 1179648K
  class space    used 18483K, committed 18944K, reserved 1048576K
}
Event: 67.803 GC heap before
{Heap before GC invocations=119 (full 0):
 garbage-first heap   total 444416K, used 391293K [0x0000000080000000, 0x0000000100000000)
  region size 1024K, 116 young (118784K), 5 survivors (5120K)
 Metaspace       used 136822K, committed 137728K, reserved 1179648K
  class space    used 18484K, committed 18944K, reserved 1048576K
}
Event: 67.807 GC heap after
{Heap after GC invocations=120 (full 0):
 garbage-first heap   total 444416K, used 277724K [0x0000000080000000, 0x0000000100000000)
  region size 1024K, 5 young (5120K), 5 survivors (5120K)
 Metaspace       used 136822K, committed 137728K, reserved 1179648K
  class space    used 18484K, committed 18944K, reserved 1048576K
}
Event: 70.552 GC heap before
{Heap before GC invocations=120 (full 0):
 garbage-first heap   total 444416K, used 393436K [0x0000000080000000, 0x0000000100000000)
  region size 1024K, 117 young (119808K), 5 survivors (5120K)
 Metaspace       used 136930K, committed 137856K, reserved 1179648K
  class space    used 18490K, committed 18944K, reserved 1048576K
}
Event: 70.560 GC heap after
{Heap after GC invocations=121 (full 0):
 garbage-first heap   total 444416K, used 281597K [0x0000000080000000, 0x0000000100000000)
  region size 1024K, 9 young (9216K), 9 survivors (9216K)
 Metaspace       used 136930K, committed 137856K, reserved 1179648K
  class space    used 18490K, committed 18944K, reserved 1048576K
}
Event: 71.102 GC heap before
{Heap before GC invocations=121 (full 0):
 garbage-first heap   total 444416K, used 388093K [0x0000000080000000, 0x0000000100000000)
  region size 1024K, 113 young (115712K), 9 survivors (9216K)
 Metaspace       used 136977K, committed 137856K, reserved 1179648K
  class space    used 18491K, committed 18944K, reserved 1048576K
}
Event: 71.112 GC heap after
{Heap after GC invocations=122 (full 0):
 garbage-first heap   total 444416K, used 290427K [0x0000000080000000, 0x0000000100000000)
  region size 1024K, 15 young (15360K), 15 survivors (15360K)
 Metaspace       used 136977K, committed 137856K, reserved 1179648K
  class space    used 18491K, committed 18944K, reserved 1048576K
}
Event: 71.307 GC heap before
{Heap before GC invocations=122 (full 0):
 garbage-first heap   total 444416K, used 378491K [0x0000000080000000, 0x0000000100000000)
  region size 1024K, 102 young (104448K), 15 survivors (15360K)
 Metaspace       used 136988K, committed 137920K, reserved 1179648K
  class space    used 18491K, committed 18944K, reserved 1048576K
}
Event: 71.317 GC heap after
{Heap after GC invocations=123 (full 0):
 garbage-first heap   total 444416K, used 295635K [0x0000000080000000, 0x0000000100000000)
  region size 1024K, 11 young (11264K), 11 survivors (11264K)
 Metaspace       used 136988K, committed 137920K, reserved 1179648K
  class space    used 18491K, committed 18944K, reserved 1048576K
}
Event: 71.498 GC heap before
{Heap before GC invocations=123 (full 0):
 garbage-first heap   total 444416K, used 376531K [0x0000000080000000, 0x0000000100000000)
  region size 1024K, 91 young (93184K), 11 survivors (11264K)
 Metaspace       used 137000K, committed 137920K, reserved 1179648K
  class space    used 18492K, committed 18944K, reserved 1048576K
}
Event: 71.508 GC heap after
{Heap after GC invocations=124 (full 0):
 garbage-first heap   total 444416K, used 301222K [0x0000000080000000, 0x0000000100000000)
  region size 1024K, 9 young (9216K), 9 survivors (9216K)
 Metaspace       used 137000K, committed 137920K, reserved 1179648K
  class space    used 18492K, committed 18944K, reserved 1048576K
}
Event: 71.685 GC heap before
{Heap before GC invocations=124 (full 0):
 garbage-first heap   total 444416K, used 375974K [0x0000000080000000, 0x0000000100000000)
  region size 1024K, 83 young (84992K), 9 survivors (9216K)
 Metaspace       used 137002K, committed 137920K, reserved 1179648K
  class space    used 18492K, committed 18944K, reserved 1048576K
}
Event: 71.696 GC heap after
{Heap after GC invocations=125 (full 0):
 garbage-first heap   total 444416K, used 307207K [0x0000000080000000, 0x0000000100000000)
  region size 1024K, 8 young (8192K), 8 survivors (8192K)
 Metaspace       used 137002K, committed 137920K, reserved 1179648K
  class space    used 18492K, committed 18944K, reserved 1048576K
}
Event: 71.830 GC heap before
{Heap before GC invocations=125 (full 0):
 garbage-first heap   total 444416K, used 378887K [0x0000000080000000, 0x0000000100000000)
  region size 1024K, 77 young (78848K), 8 survivors (8192K)
 Metaspace       used 137007K, committed 137920K, reserved 1179648K
  class space    used 18492K, committed 18944K, reserved 1048576K
}
Event: 71.840 GC heap after
{Heap after GC invocations=126 (full 0):
 garbage-first heap   total 444416K, used 318083K [0x0000000080000000, 0x0000000100000000)
  region size 1024K, 10 young (10240K), 10 survivors (10240K)
 Metaspace       used 137007K, committed 137920K, reserved 1179648K
  class space    used 18492K, committed 18944K, reserved 1048576K
}
Event: 71.970 GC heap before
{Heap before GC invocations=126 (full 0):
 garbage-first heap   total 444416K, used 376451K [0x0000000080000000, 0x0000000100000000)
  region size 1024K, 68 young (69632K), 10 survivors (10240K)
 Metaspace       used 137016K, committed 137920K, reserved 1179648K
  class space    used 18492K, committed 18944K, reserved 1048576K
}

