# JRE version: OpenJDK Runtime Environment (17.0.11) (build 17.0.11+0--11852314)
# Java VM: OpenJDK 64-Bit Server VM (17.0.11+0--11852314, mixed mode, tiered, compressed oops, compressed class ptrs, g1 gc, windows-amd64)
GC Precious Log:
 CPUs: 8 total, 8 available
 Memory: 16075M
 Large Page Support: Disabled
 NUMA Support: Disabled
 Compressed Oops: Enabled (32-bit)
 Heap Region Size: 1M
 Heap Min Capacity: 8M
 Heap Initial Capacity: 252M
 Heap Max Capacity: 2G
 Pre-touch: Disabled
 Parallel Workers: 8
 Concurrent Workers: 2
 Concurrent Refinement Workers: 8
 Periodic GC: Disabled
Heap:
 garbage-first heap   total 312320K, used 199061K [0x0000000080000000, 0x0000000100000000)
  region size 1024K, 35 young (35840K), 2 survivors (2048K)
 Metaspace       used 189414K, committed 190400K, reserved 1245184K
  class space    used 24382K, committed 24896K, reserved 1048576K
GC Heap History (20 events):
Event: 25.950 GC heap before
{Heap before GC invocations=53 (full 0):
 garbage-first heap   total 270336K, used 229839K [0x0000000080000000, 0x0000000100000000)
  region size 1024K, 51 young (52224K), 4 survivors (4096K)
 Metaspace       used 162497K, committed 163264K, reserved 1245184K
  class space    used 20996K, committed 21376K, reserved 1048576K
}
Event: 25.954 GC heap after
{Heap after GC invocations=54 (full 0):
 garbage-first heap   total 270336K, used 183825K [0x0000000080000000, 0x0000000100000000)
  region size 1024K, 6 young (6144K), 6 survivors (6144K)
 Metaspace       used 162497K, committed 163264K, reserved 1245184K
  class space    used 20996K, committed 21376K, reserved 1048576K
}
Event: 26.799 GC heap before
{Heap before GC invocations=54 (full 0):
 garbage-first heap   total 270336K, used 230929K [0x0000000080000000, 0x0000000100000000)
  region size 1024K, 52 young (53248K), 6 survivors (6144K)
 Metaspace       used 165743K, committed 166528K, reserved 1245184K
  class space    used 21486K, committed 21824K, reserved 1048576K
}
Event: 26.805 GC heap after
{Heap after GC invocations=55 (full 0):
 garbage-first heap   total 270336K, used 179426K [0x0000000080000000, 0x0000000100000000)
  region size 1024K, 7 young (7168K), 7 survivors (7168K)
 Metaspace       used 165743K, committed 166528K, reserved 1245184K
  class space    used 21486K, committed 21824K, reserved 1048576K
}
Event: 27.581 GC heap before
{Heap before GC invocations=55 (full 0):
 garbage-first heap   total 270336K, used 230626K [0x0000000080000000, 0x0000000100000000)
  region size 1024K, 57 young (58368K), 7 survivors (7168K)
 Metaspace       used 170649K, committed 171520K, reserved 1245184K
  class space    used 22185K, committed 22592K, reserved 1048576K
}
Event: 27.587 GC heap after
{Heap after GC invocations=56 (full 0):
 garbage-first heap   total 270336K, used 181639K [0x0000000080000000, 0x0000000100000000)
  region size 1024K, 5 young (5120K), 5 survivors (5120K)
 Metaspace       used 170649K, committed 171520K, reserved 1245184K
  class space    used 22185K, committed 22592K, reserved 1048576K
}
Event: 27.872 GC heap before
{Heap before GC invocations=56 (full 0):
 garbage-first heap   total 270336K, used 209287K [0x0000000080000000, 0x0000000100000000)
  region size 1024K, 33 young (33792K), 5 survivors (5120K)
 Metaspace       used 171950K, committed 172736K, reserved 1245184K
  class space    used 22369K, committed 22720K, reserved 1048576K
}
Event: 27.878 GC heap after
{Heap after GC invocations=57 (full 0):
 garbage-first heap   total 270336K, used 184341K [0x0000000080000000, 0x0000000100000000)
  region size 1024K, 5 young (5120K), 5 survivors (5120K)
 Metaspace       used 171950K, committed 172736K, reserved 1245184K
  class space    used 22369K, committed 22720K, reserved 1048576K
}
Event: 28.575 GC heap before
{Heap before GC invocations=58 (full 0):
 garbage-first heap   total 312320K, used 225301K [0x0000000080000000, 0x0000000100000000)
  region size 1024K, 48 young (49152K), 5 survivors (5120K)
 Metaspace       used 176650K, committed 177472K, reserved 1245184K
  class space    used 22935K, committed 23360K, reserved 1048576K
}
Event: 28.584 GC heap after
{Heap after GC invocations=59 (full 0):
 garbage-first heap   total 312320K, used 182249K [0x0000000080000000, 0x0000000100000000)
  region size 1024K, 6 young (6144K), 6 survivors (6144K)
 Metaspace       used 176650K, committed 177472K, reserved 1245184K
  class space    used 22935K, committed 23360K, reserved 1048576K
}
Event: 28.746 GC heap before
{Heap before GC invocations=59 (full 0):
 garbage-first heap   total 312320K, used 191465K [0x0000000080000000, 0x0000000100000000)
  region size 1024K, 15 young (15360K), 6 survivors (6144K)
 Metaspace       used 178271K, committed 179136K, reserved 1245184K
  class space    used 23147K, committed 23552K, reserved 1048576K
}
Event: 28.754 GC heap after
{Heap after GC invocations=60 (full 0):
 garbage-first heap   total 312320K, used 157895K [0x0000000080000000, 0x0000000100000000)
  region size 1024K, 2 young (2048K), 2 survivors (2048K)
 Metaspace       used 178271K, committed 179136K, reserved 1245184K
  class space    used 23147K, committed 23552K, reserved 1048576K
}
Event: 29.230 GC heap before
{Heap before GC invocations=60 (full 0):
 garbage-first heap   total 312320K, used 171207K [0x0000000080000000, 0x0000000100000000)
  region size 1024K, 15 young (15360K), 2 survivors (2048K)
 Metaspace       used 181699K, committed 182528K, reserved 1245184K
  class space    used 23589K, committed 24000K, reserved 1048576K
}
Event: 29.233 GC heap after
{Heap after GC invocations=61 (full 0):
 garbage-first heap   total 312320K, used 158152K [0x0000000080000000, 0x0000000100000000)
  region size 1024K, 2 young (2048K), 2 survivors (2048K)
 Metaspace       used 181699K, committed 182528K, reserved 1245184K
  class space    used 23589K, committed 24000K, reserved 1048576K
}
Event: 31.856 GC heap before
{Heap before GC invocations=61 (full 0):
 garbage-first heap   total 312320K, used 254408K [0x0000000080000000, 0x0000000100000000)
  region size 1024K, 97 young (99328K), 2 survivors (2048K)
 Metaspace       used 184512K, committed 185408K, reserved 1245184K
  class space    used 23958K, committed 24384K, reserved 1048576K
}
Event: 31.862 GC heap after
{Heap after GC invocations=62 (full 0):
 garbage-first heap   total 312320K, used 163961K [0x0000000080000000, 0x0000000100000000)
  region size 1024K, 7 young (7168K), 7 survivors (7168K)
 Metaspace       used 184512K, committed 185408K, reserved 1245184K
  class space    used 23958K, committed 24384K, reserved 1048576K
}
Event: 34.056 GC heap before
{Heap before GC invocations=63 (full 0):
 garbage-first heap   total 312320K, used 265337K [0x0000000080000000, 0x0000000100000000)
  region size 1024K, 99 young (101376K), 7 survivors (7168K)
 Metaspace       used 188229K, committed 189184K, reserved 1245184K
  class space    used 24282K, committed 24768K, reserved 1048576K
}
Event: 34.063 GC heap after
{Heap after GC invocations=64 (full 0):
 garbage-first heap   total 312320K, used 169853K [0x0000000080000000, 0x0000000100000000)
  region size 1024K, 12 young (12288K), 12 survivors (12288K)
 Metaspace       used 188229K, committed 189184K, reserved 1245184K
  class space    used 24282K, committed 24768K, reserved 1048576K
}
Event: 34.083 GC heap before
{Heap before GC invocations=64 (full 0):
 garbage-first heap   total 312320K, used 171901K [0x0000000080000000, 0x0000000100000000)
  region size 1024K, 15 young (15360K), 12 survivors (12288K)
 Metaspace       used 188604K, committed 189632K, reserved 1245184K
  class space    used 24327K, committed 24832K, reserved 1048576K
}
Event: 34.093 GC heap after
{Heap after GC invocations=65 (full 0):
 garbage-first heap   total 312320K, used 167317K [0x0000000080000000, 0x0000000100000000)
  region size 1024K, 2 young (2048K), 2 survivors (2048K)
 Metaspace       used 188604K, committed 189632K, reserved 1245184K
  class space    used 24327K, committed 24832K, reserved 1048576K
}

